<?xml version="1.0" encoding="UTF-8" ?>
<testsuite tests="8" failures="0" name="cz.muni.fi.pv168.winetasting.backend.WineSampleDAOTest" time="1.493" errors="0" skipped="0">
  <properties>
[...]
</properties>
  <testcase classname="cz.muni.fi.pv168.winetasting.backend.WineSampleDAOTest" name="getAllWineSamples" time="1.09"/>
  <testcase classname="cz.muni.fi.pv168.winetasting.backend.WineSampleDAOTest" name="testCreateWithNull" time="0.033"/>
  <testcase classname="cz.muni.fi.pv168.winetasting.backend.WineSampleDAOTest" name="createWineSample" time="0.058"/>
  <testcase classname="cz.muni.fi.pv168.winetasting.backend.WineSampleDAOTest" name="findAllUnsessionedWines" time="0.073"/>
  <testcase classname="cz.muni.fi.pv168.winetasting.backend.WineSampleDAOTest" name="deleteWineSample" time="0.054"/>
  <testcase classname="cz.muni.fi.pv168.winetasting.backend.WineSampleDAOTest" name="updateWineSample" time="0.064"/>
  <testcase classname="cz.muni.fi.pv168.winetasting.backend.WineSampleDAOTest" name="findWineSample" time="0.033"/>
  <testcase classname="cz.muni.fi.pv168.winetasting.backend.WineSampleDAOTest" name="findWineSampleByVariety" time="0.041"/>
</testsuite>